<?xml version="1.0" encoding="utf-8"?><testsuites name="pytest tests"><testsuite name="pytest" errors="0" failures="0" skipped="0" tests="15" time="3.497" timestamp="2026-05-27T08:40:50.987818+00:00" hostname="agent-env-d2f0cabf-f06a-4303-afb3-3ffe0a19ecc6"><testcase classname="backend.tests.test_admin_api.TestAdminLogin" name="test_login_valid_token" time="0.240" /><testcase classname="backend.tests.test_admin_api.TestAdminLogin" name="test_login_invalid_token" time="0.046" /><testcase classname="backend.tests.test_admin_api.TestAdminLogin" name="test_login_missing_token" time="0.047" /><testcase classname="backend.tests.test_admin_api.TestAdminContact" name="test_list_without_token_returns_401" time="0.055" /><testcase classname="backend.tests.test_admin_api.TestAdminContact" name="test_list_with_wrong_token_returns_401" time="0.135" /><testcase classname="backend.tests.test_admin_api.TestAdminContact" name="test_list_with_valid_token" time="0.289" /><testcase classname="backend.tests.test_admin_api.TestAdminStats" name="test_stats_without_token" time="0.047" /><testcase classname="backend.tests.test_admin_api.TestAdminStats" name="test_stats_with_token" time="0.109" /><testcase classname="backend.tests.test_admin_api.TestAdminStats" name="test_post_contact_increments_stats" time="0.390" /><testcase classname="backend.tests.test_admin_api.TestAdminDelete" name="test_delete_without_token" time="0.048" /><testcase classname="backend.tests.test_admin_api.TestAdminDelete" name="test_delete_nonexistent_returns_404" time="0.103" /><testcase classname="backend.tests.test_admin_api.TestAdminDelete" name="test_delete_deletes_only_matched" time="0.770" /><testcase classname="backend.tests.test_admin_api.TestStaticAssets" name="test_portrait_image_reachable" time="0.164" /><testcase classname="backend.tests.test_admin_api.TestStaticAssets" name="test_cv_pdf_reachable" time="0.141" /><testcase classname="backend.tests.test_admin_api.TestCleanup" name="test_cleanup_test_messages" time="0.664" /></testsuite></testsuites>