<?xml version="1.0" encoding="utf-8"?><testsuites name="pytest tests"><testsuite name="pytest" errors="0" failures="0" skipped="0" tests="11" time="0.832" timestamp="2026-05-26T09:19:25.457616+00:00" hostname="agent-env-d2f0cabf-f06a-4303-afb3-3ffe0a19ecc6"><testcase classname="backend.tests.test_portfolio_api.TestHealth" name="test_root_returns_ok_message" time="0.222" /><testcase classname="backend.tests.test_portfolio_api.TestContact" name="test_create_contact_success" time="0.048" /><testcase classname="backend.tests.test_portfolio_api.TestContact" name="test_create_contact_default_locale" time="0.044" /><testcase classname="backend.tests.test_portfolio_api.TestContact" name="test_invalid_email_returns_422" time="0.045" /><testcase classname="backend.tests.test_portfolio_api.TestContact" name="test_missing_name_returns_422" time="0.044" /><testcase classname="backend.tests.test_portfolio_api.TestContact" name="test_missing_message_returns_422" time="0.044" /><testcase classname="backend.tests.test_portfolio_api.TestContact" name="test_empty_name_returns_422" time="0.044" /><testcase classname="backend.tests.test_portfolio_api.TestContact" name="test_message_too_long_returns_422" time="0.045" /><testcase classname="backend.tests.test_portfolio_api.TestContact" name="test_name_too_long_returns_422" time="0.043" /><testcase classname="backend.tests.test_portfolio_api.TestContact" name="test_list_contacts_returns_recent_first" time="0.045" /><testcase classname="backend.tests.test_portfolio_api.TestContact" name="test_list_contacts_respects_limit" time="0.046" /></testsuite></testsuites>